[0.013s] Invoking command in '/home/dev/husky_ws/src/build/custom_nav_stack_pkg': CMAKE_PREFIX_PATH=${CMAKE_PREFIX_PATH}:/home/dev/husky_ws/install/nav2_gazebo_spawner:/home/dev/husky_ws/install/gps_goal:/opt/ros/foxy /usr/bin/cmake /home/dev/husky_ws/src/custom_nav_stack_pkg -DAMENT_CMAKE_SYMLINK_INSTALL=1 -DCMAKE_INSTALL_PREFIX=/home/dev/husky_ws/src/install/custom_nav_stack_pkg
[0.081s] -- The C compiler identification is GNU 9.4.0
[0.153s] -- The CXX compiler identification is GNU 9.4.0
[0.159s] -- Check for working C compiler: /usr/bin/cc
[0.217s] -- Check for working C compiler: /usr/bin/cc -- works
[0.217s] -- Detecting C compiler ABI info
[0.273s] -- Detecting C compiler ABI info - done
[0.280s] -- Detecting C compile features
[0.280s] -- Detecting C compile features - done
[0.282s] -- Check for working CXX compiler: /usr/bin/c++
[0.344s] -- Check for working CXX compiler: /usr/bin/c++ -- works
[0.344s] -- Detecting CXX compiler ABI info
[0.490s] -- Detecting CXX compiler ABI info - done
[0.497s] -- Detecting CXX compile features
[0.497s] -- Detecting CXX compile features - done
[0.508s] -- Found ament_cmake: 0.9.9 (/opt/ros/foxy/share/ament_cmake/cmake)
[0.556s] -- Found PythonInterp: /usr/bin/python3 (found suitable version "3.8.10", minimum required is "3") 
[0.556s] -- Using PYTHON_EXECUTABLE: /usr/bin/python3
[0.730s] -- Override CMake install command with custom implementation using symlinks instead of copying resources
[0.852s] -- Found rclcpp: 2.4.1 (/opt/ros/foxy/share/rclcpp/cmake)
[0.937s] -- Using all available rosidl_typesupport_c: rosidl_typesupport_fastrtps_c;rosidl_typesupport_introspection_c
[0.948s] -- Found rosidl_adapter: 1.2.1 (/opt/ros/foxy/share/rosidl_adapter/cmake)
[1.080s] -- Found OpenSSL: /usr/lib/x86_64-linux-gnu/libcrypto.so (found version "1.1.1f")  
[1.138s] -- Found FastRTPS: /opt/ros/foxy/include  
[1.210s] -- Using all available rosidl_typesupport_cpp: rosidl_typesupport_fastrtps_cpp;rosidl_typesupport_introspection_cpp
[1.281s] -- Found rmw_implementation_cmake: 1.0.3 (/opt/ros/foxy/share/rmw_implementation_cmake/cmake)
[1.284s] -- Using RMW implementation 'rmw_fastrtps_cpp' as default
[1.285s] -- Looking for pthread.h
[1.420s] -- Looking for pthread.h - found
[1.420s] -- Performing Test CMAKE_HAVE_LIBC_PTHREAD
[1.573s] -- Performing Test CMAKE_HAVE_LIBC_PTHREAD - Failed
[1.573s] -- Looking for pthread_create in pthreads
[1.622s] -- Looking for pthread_create in pthreads - not found
[1.622s] -- Looking for pthread_create in pthread
[1.694s] -- Looking for pthread_create in pthread - found
[1.696s] -- Found Threads: TRUE  
[1.865s] -- Found rclpy: 1.0.8 (/opt/ros/foxy/share/rclpy/cmake)
[1.870s] -- Found ament_lint_auto: 0.9.6 (/opt/ros/foxy/share/ament_lint_auto/cmake)
[2.010s] -- Added test 'copyright' to check source files copyright and LICENSE
[2.012s] -- Added test 'cppcheck' to perform static code analysis on C / C++ code
[2.012s] -- Configured cppcheck include dirs: /home/dev/husky_ws/src/custom_nav_stack_pkg/include
[2.012s] -- Configured cppcheck exclude dirs and/or files: 
[2.013s] -- Added test 'cpplint' to check C / C++ code against the Google style
[2.013s] -- Configured cpplint exclude dirs and/or files: 
[2.014s] -- Added test 'flake8' to check Python code syntax and style conventions
[2.015s] -- Added test 'lint_cmake' to check CMake code style
[2.015s] -- Added test 'pep257' to check Python code against some of the style conventions in PEP 257
[2.017s] -- Added test 'uncrustify' to check C / C++ code style
[2.017s] -- Configured uncrustify additional arguments: 
[2.017s] -- Added test 'xmllint' to check XML markup files
[2.020s] -- Configuring done
[2.024s] -- Generating done
[2.025s] -- Build files have been written to: /home/dev/husky_ws/src/build/custom_nav_stack_pkg
[2.030s] Invoked command in '/home/dev/husky_ws/src/build/custom_nav_stack_pkg' returned '0': CMAKE_PREFIX_PATH=${CMAKE_PREFIX_PATH}:/home/dev/husky_ws/install/nav2_gazebo_spawner:/home/dev/husky_ws/install/gps_goal:/opt/ros/foxy /usr/bin/cmake /home/dev/husky_ws/src/custom_nav_stack_pkg -DAMENT_CMAKE_SYMLINK_INSTALL=1 -DCMAKE_INSTALL_PREFIX=/home/dev/husky_ws/src/install/custom_nav_stack_pkg
[2.032s] Invoking command in '/home/dev/husky_ws/src/build/custom_nav_stack_pkg': CMAKE_PREFIX_PATH=${CMAKE_PREFIX_PATH}:/home/dev/husky_ws/install/nav2_gazebo_spawner:/home/dev/husky_ws/install/gps_goal:/opt/ros/foxy /usr/bin/cmake --build /home/dev/husky_ws/src/build/custom_nav_stack_pkg -- -j16 -l16
[2.099s] [35m[1mScanning dependencies of target cpp_executable[0m
[2.158s] [ 50%] [32mBuilding CXX object CMakeFiles/cpp_executable.dir/src/cpp_node.cpp.o[0m
[4.884s] [100%] [32m[1mLinking CXX executable cpp_executable[0m
[5.088s] [100%] Built target cpp_executable
[5.098s] Invoked command in '/home/dev/husky_ws/src/build/custom_nav_stack_pkg' returned '0': CMAKE_PREFIX_PATH=${CMAKE_PREFIX_PATH}:/home/dev/husky_ws/install/nav2_gazebo_spawner:/home/dev/husky_ws/install/gps_goal:/opt/ros/foxy /usr/bin/cmake --build /home/dev/husky_ws/src/build/custom_nav_stack_pkg -- -j16 -l16
[5.134s] Invoking command in '/home/dev/husky_ws/src/build/custom_nav_stack_pkg': CMAKE_PREFIX_PATH=${CMAKE_PREFIX_PATH}:/home/dev/husky_ws/install/nav2_gazebo_spawner:/home/dev/husky_ws/install/gps_goal:/opt/ros/foxy /usr/bin/cmake --install /home/dev/husky_ws/src/build/custom_nav_stack_pkg
[5.141s] -- Install configuration: ""
[5.142s] -- Execute custom install script
[5.142s] -- Symlinking: /home/dev/husky_ws/src/install/custom_nav_stack_pkg/lib/custom_nav_stack_pkg/cpp_executable
[5.150s] -- Symlinking: /home/dev/husky_ws/src/install/custom_nav_stack_pkg/lib/custom_nav_stack_pkg/custom_nav_stack.py
[5.158s] -- Symlinking: /home/dev/husky_ws/src/install/custom_nav_stack_pkg/share/ament_index/resource_index/package_run_dependencies/custom_nav_stack_pkg
[5.165s] -- Symlinking: /home/dev/husky_ws/src/install/custom_nav_stack_pkg/share/ament_index/resource_index/parent_prefix_path/custom_nav_stack_pkg
[5.172s] -- Symlinking: /home/dev/husky_ws/src/install/custom_nav_stack_pkg/share/custom_nav_stack_pkg/environment/ament_prefix_path.sh
[5.184s] -- Symlinking: /home/dev/husky_ws/src/install/custom_nav_stack_pkg/share/custom_nav_stack_pkg/environment/ament_prefix_path.dsv
[5.205s] -- Symlinking: /home/dev/husky_ws/src/install/custom_nav_stack_pkg/share/custom_nav_stack_pkg/environment/path.sh
[5.218s] -- Symlinking: /home/dev/husky_ws/src/install/custom_nav_stack_pkg/share/custom_nav_stack_pkg/environment/path.dsv
[5.228s] -- Symlinking: /home/dev/husky_ws/src/install/custom_nav_stack_pkg/share/custom_nav_stack_pkg/local_setup.bash
[5.236s] -- Symlinking: /home/dev/husky_ws/src/install/custom_nav_stack_pkg/share/custom_nav_stack_pkg/local_setup.sh
[5.244s] -- Symlinking: /home/dev/husky_ws/src/install/custom_nav_stack_pkg/share/custom_nav_stack_pkg/local_setup.zsh
[5.251s] -- Symlinking: /home/dev/husky_ws/src/install/custom_nav_stack_pkg/share/custom_nav_stack_pkg/local_setup.dsv
[5.258s] -- Symlinking: /home/dev/husky_ws/src/install/custom_nav_stack_pkg/share/custom_nav_stack_pkg/package.dsv
[5.266s] -- Symlinking: /home/dev/husky_ws/src/install/custom_nav_stack_pkg/share/ament_index/resource_index/packages/custom_nav_stack_pkg
[5.281s] -- Symlinking: /home/dev/husky_ws/src/install/custom_nav_stack_pkg/share/custom_nav_stack_pkg/cmake/custom_nav_stack_pkgConfig.cmake
[5.304s] -- Symlinking: /home/dev/husky_ws/src/install/custom_nav_stack_pkg/share/custom_nav_stack_pkg/cmake/custom_nav_stack_pkgConfig-version.cmake
[5.327s] -- Symlinking: /home/dev/husky_ws/src/install/custom_nav_stack_pkg/share/custom_nav_stack_pkg/package.xml
[5.354s] Invoked command in '/home/dev/husky_ws/src/build/custom_nav_stack_pkg' returned '0': CMAKE_PREFIX_PATH=${CMAKE_PREFIX_PATH}:/home/dev/husky_ws/install/nav2_gazebo_spawner:/home/dev/husky_ws/install/gps_goal:/opt/ros/foxy /usr/bin/cmake --install /home/dev/husky_ws/src/build/custom_nav_stack_pkg
