2022-11-24 14:01:50 WARNING  ############################## LOGGING STARTED ##############################
2022-11-24 14:01:50 INFO     Line3: 8.568331406746644e-05 -8.459108823264808e-05
2022-11-24 14:01:50 INFO     Line6: 8.427178989528105e-05 8.67224450490827e-05
2022-11-24 14:01:50 INFO     Line9: -8.482634326068172e-05 8.620434763335194e-05
2022-11-24 14:01:50 INFO     Line12: -8.488815024404338e-05 -8.762365968361716e-05
2022-11-24 14:01:50 WARNING  Current mode is: auto
2022-11-24 14:01:50 WARNING  Starting to find initial heading using GPS co-ordinates. Waiting for 10 sec here and then will move in straight line for 20 sec
2022-11-24 14:01:50 WARNING  Mode just before initial gps location calculation is: auto
2022-11-24 14:01:50 WARNING  Tmp initial location time elapsed: 0.028078 
2022-11-24 14:01:50 WARNING  Tmp initial location time elapsed: 0.127882 
2022-11-24 14:01:51 WARNING  Tmp initial location time elapsed: 0.228408 
2022-11-24 14:01:51 WARNING  Tmp initial location time elapsed: 0.328152 
2022-11-24 14:01:51 WARNING  Tmp initial location time elapsed: 0.428213 
2022-11-24 14:01:51 WARNING  Tmp initial location time elapsed: 0.528283 
2022-11-24 14:01:51 WARNING  Tmp initial location time elapsed: 0.628639 
2022-11-24 14:01:51 WARNING  Tmp initial location time elapsed: 0.728666 
2022-11-24 14:01:51 WARNING  Tmp initial location time elapsed: 0.828815 
2022-11-24 14:01:51 WARNING  Tmp initial location time elapsed: 0.928920 
2022-11-24 14:01:51 WARNING  Tmp initial location time elapsed: 1.029044 
2022-11-24 14:01:51 WARNING  Tmp initial location time elapsed: 1.129042 
2022-11-24 14:01:52 WARNING  Tmp initial location time elapsed: 1.229213 
2022-11-24 14:01:52 WARNING  Tmp initial location time elapsed: 1.329397 
2022-11-24 14:01:52 WARNING  Tmp initial location time elapsed: 1.429590 
2022-11-24 14:01:52 WARNING  Tmp initial location time elapsed: 1.529704 
2022-11-24 14:01:52 WARNING  Tmp initial location time elapsed: 1.629922 
2022-11-24 14:01:52 WARNING  Tmp initial location time elapsed: 1.730176 
2022-11-24 14:01:52 WARNING  Tmp initial location time elapsed: 1.830152 
2022-11-24 14:01:52 WARNING  Tmp initial location time elapsed: 1.930240 
2022-11-24 14:01:52 WARNING  Tmp initial location time elapsed: 2.030847 
2022-11-24 14:01:52 WARNING  Tmp initial location time elapsed: 2.130638 
2022-11-24 14:01:53 WARNING  Tmp initial location time elapsed: 2.230743 
2022-11-24 14:01:53 WARNING  Tmp initial location time elapsed: 2.331014 
2022-11-24 14:01:53 WARNING  Tmp initial location time elapsed: 2.431010 
2022-11-24 14:01:53 WARNING  Tmp initial location time elapsed: 2.531098 
2022-11-24 14:01:53 WARNING  Tmp initial location time elapsed: 2.631132 
2022-11-24 14:01:53 WARNING  Tmp initial location time elapsed: 2.731366 
2022-11-24 14:01:53 WARNING  Tmp initial location time elapsed: 2.831503 
2022-11-24 14:01:53 WARNING  Tmp initial location time elapsed: 2.931603 
2022-11-24 14:01:53 WARNING  Tmp initial location time elapsed: 3.031735 
2022-11-24 14:01:53 WARNING  Tmp initial location time elapsed: 3.131897 
2022-11-24 14:01:54 WARNING  Tmp initial location time elapsed: 3.231972 
2022-11-24 14:01:54 WARNING  Tmp initial location time elapsed: 3.332316 
2022-11-24 14:01:54 WARNING  Tmp initial location time elapsed: 3.432124 
2022-11-24 14:01:54 WARNING  Tmp initial location time elapsed: 3.532095 
2022-11-24 14:01:54 WARNING  Tmp initial location time elapsed: 3.632207 
2022-11-24 14:01:54 WARNING  Tmp initial location time elapsed: 3.732603 
2022-11-24 14:01:54 WARNING  Tmp initial location time elapsed: 3.832731 
2022-11-24 14:01:54 WARNING  Tmp initial location time elapsed: 3.933698 
2022-11-24 14:01:54 WARNING  Tmp initial location time elapsed: 4.033698 
2022-11-24 14:01:54 WARNING  Tmp initial location time elapsed: 4.133510 
2022-11-24 14:01:55 WARNING  Tmp initial location time elapsed: 4.233500 
2022-11-24 14:01:55 WARNING  Tmp initial location time elapsed: 4.333646 
2022-11-24 14:01:55 WARNING  Tmp initial location time elapsed: 4.434006 
2022-11-24 14:01:55 WARNING  Tmp initial location time elapsed: 4.533864 
2022-11-24 14:01:55 WARNING  Tmp initial location time elapsed: 4.634342 
2022-11-24 14:01:55 WARNING  Tmp initial location time elapsed: 4.734058 
2022-11-24 14:01:55 WARNING  Tmp initial location time elapsed: 4.834183 
2022-11-24 14:01:55 WARNING  Tmp initial location time elapsed: 4.934330 
2022-11-24 14:01:55 WARNING  Tmp initial location time elapsed: 5.034471 
2022-11-24 14:01:55 WARNING  Tmp initial location time elapsed: 5.134753 
2022-11-24 14:01:56 WARNING  Tmp initial location time elapsed: 5.234910 
2022-11-24 14:01:56 WARNING  Tmp initial location time elapsed: 5.334845 
2022-11-24 14:01:56 WARNING  Tmp initial location time elapsed: 5.435034 
2022-11-24 14:01:56 WARNING  Tmp initial location time elapsed: 5.535131 
2022-11-24 14:01:56 WARNING  Tmp initial location time elapsed: 5.635402 
2022-11-24 14:01:56 WARNING  Tmp initial location time elapsed: 5.735389 
2022-11-24 14:01:56 WARNING  Tmp initial location time elapsed: 5.835865 
2022-11-24 14:01:56 WARNING  Tmp initial location time elapsed: 5.935845 
2022-11-24 14:01:56 WARNING  Tmp initial location time elapsed: 6.036075 
2022-11-24 14:01:56 WARNING  Tmp initial location time elapsed: 6.136023 
2022-11-24 14:01:57 WARNING  Tmp initial location time elapsed: 6.235938 
2022-11-24 14:01:57 WARNING  Tmp initial location time elapsed: 6.335975 
2022-11-24 14:01:57 WARNING  Tmp initial location time elapsed: 6.436988 
2022-11-24 14:01:57 WARNING  Tmp initial location time elapsed: 6.536983 
2022-11-24 14:01:57 WARNING  Tmp initial location time elapsed: 6.637085 
2022-11-24 14:01:57 WARNING  Tmp initial location time elapsed: 6.737083 
2022-11-24 14:01:57 WARNING  Tmp initial location time elapsed: 6.836948 
2022-11-24 14:01:57 WARNING  Tmp initial location time elapsed: 6.937088 
2022-11-24 14:01:57 WARNING  Tmp initial location time elapsed: 7.037228 
2022-11-24 14:01:57 WARNING  Tmp initial location time elapsed: 7.137253 
2022-11-24 14:01:58 WARNING  Tmp initial location time elapsed: 7.237678 
2022-11-24 14:01:58 WARNING  Tmp initial location time elapsed: 7.337704 
2022-11-24 14:01:58 WARNING  Tmp initial location time elapsed: 7.437838 
2022-11-24 14:01:58 WARNING  Tmp initial location time elapsed: 7.537994 
2022-11-24 14:01:58 WARNING  Tmp initial location time elapsed: 7.638274 
2022-11-24 14:01:58 WARNING  Tmp initial location time elapsed: 7.738405 
2022-11-24 14:01:58 WARNING  Tmp initial location time elapsed: 7.838462 
2022-11-24 14:01:58 WARNING  Tmp initial location time elapsed: 7.938696 
2022-11-24 14:01:58 WARNING  Tmp initial location time elapsed: 8.038601 
2022-11-24 14:01:58 WARNING  Tmp initial location time elapsed: 8.138819 
2022-11-24 14:01:59 WARNING  Tmp initial location time elapsed: 8.238983 
2022-11-24 14:01:59 WARNING  Tmp initial location time elapsed: 8.338923 
2022-11-24 14:01:59 WARNING  Tmp initial location time elapsed: 8.439056 
2022-11-24 14:01:59 WARNING  Tmp initial location time elapsed: 8.539154 
2022-11-24 14:01:59 WARNING  Tmp initial location time elapsed: 8.639776 
2022-11-24 14:01:59 WARNING  Tmp initial location time elapsed: 8.739747 
2022-11-24 14:01:59 WARNING  Tmp initial location time elapsed: 8.839594 
2022-11-24 14:01:59 WARNING  Tmp initial location time elapsed: 8.939854 
2022-11-24 14:01:59 WARNING  Tmp initial location time elapsed: 9.040553 
2022-11-24 14:01:59 WARNING  Tmp initial location time elapsed: 9.140457 
2022-11-24 14:02:00 WARNING  Tmp initial location time elapsed: 9.240587 
2022-11-24 14:02:00 WARNING  Tmp initial location time elapsed: 9.340489 
2022-11-24 14:02:00 WARNING  Tmp initial location time elapsed: 9.440740 
2022-11-24 14:02:00 WARNING  Tmp initial location time elapsed: 9.541023 
2022-11-24 14:02:00 WARNING  Tmp initial location time elapsed: 9.641003 
2022-11-24 14:02:00 WARNING  Tmp initial location time elapsed: 9.738022 
2022-11-24 14:02:00 WARNING  Tmp initial location time elapsed: 9.838170 
2022-11-24 14:02:00 WARNING  Tmp initial location time elapsed: 9.938411 
2022-11-24 14:02:00 WARNING  Tmp initial location time elapsed: 10.038332 
2022-11-24 14:02:00 WARNING  Mode just after initial gps location calculation is: auto
2022-11-24 14:02:00 WARNING  Robot should move forward now for 20 seconds
2022-11-24 14:02:21 WARNING  Straight moving time elapsed: 20.338261 
2022-11-24 14:02:21 WARNING  Mode just after straight line moving is: auto
2022-11-24 14:02:21 WARNING  Starting to find initial heading using GPS co-ordinates. Waiting for 10 sec here and then do the calculation
2022-11-24 14:02:31 WARNING  Tmp final location time elapsed: 10.014086
2022-11-24 14:02:31 WARNING  Mode just after final gps location calculation is: auto
2022-11-24 14:02:31 WARNING  Calculated heading (in degrees) is: -37.222546°
2022-11-24 14:02:31 WARNING  Please switch modes using Joystick to operate robot further
2022-11-24 14:02:33 WARNING  Changed mode from: auto to gps
2022-11-24 14:02:33 WARNING  The distance from robot to goal #: 0 is: 27.640821 m.
2022-11-24 14:02:33 WARNING  Robot already aligned towards goal no: 0
2022-11-24 14:02:36 WARNING  The distance from robot to goal #: 0 is: 27.269596 m.
2022-11-24 14:02:36 WARNING  Robot already aligned towards goal no: 0
2022-11-24 14:02:39 WARNING  !!! Slippage detected !!! Robot has either not moved or moved forward by <= 0.4 m within 5 seconds.
2022-11-24 14:02:39 WARNING  Going backwards at 1 m/s for 2 seconds
2022-11-24 14:02:42 WARNING  The distance from robot to goal #: 0 is: 27.739101 m.
2022-11-24 14:02:42 WARNING  Robot already aligned towards goal no: 0
2022-11-24 14:02:45 WARNING  The distance from robot to goal #: 0 is: 29.010318 m.
2022-11-24 14:02:45 WARNING  Robot already aligned towards goal no: 0
2022-11-24 14:02:48 WARNING  The distance from robot to goal #: 0 is: 28.430319 m.
2022-11-24 14:02:48 WARNING  Robot already aligned towards goal no: 0
2022-11-24 14:02:51 WARNING  The distance from robot to goal #: 0 is: 27.850322 m.
2022-11-24 14:02:51 WARNING  Robot already aligned towards goal no: 0
2022-11-24 14:02:54 WARNING  The distance from robot to goal #: 0 is: 27.270330 m.
2022-11-24 14:02:54 WARNING  Robot already aligned towards goal no: 0
2022-11-24 14:02:56 WARNING  !!! Slippage detected !!! Robot has either not moved or moved forward by <= 0.4 m within 5 seconds.
2022-11-24 14:02:56 WARNING  Going backwards at 1 m/s for 2 seconds
2022-11-24 14:02:59 WARNING  The distance from robot to goal #: 0 is: 27.742329 m.
2022-11-24 14:02:59 WARNING  Robot already aligned towards goal no: 0
2022-11-24 14:03:02 WARNING  Changed mode from: gps to auto
2022-11-24 14:03:06 WARNING  Changed mode from: auto to gps
2022-11-24 14:03:06 WARNING  The distance from robot to goal #: 0 is: 28.723611 m.
2022-11-24 14:03:06 WARNING  Robot already aligned towards goal no: 0
2022-11-24 14:03:09 WARNING  The distance from robot to goal #: 0 is: 28.352636 m.
2022-11-24 14:03:09 WARNING  Robot already aligned towards goal no: 0
2022-11-24 14:03:12 WARNING  !!! Slippage detected !!! Robot has either not moved or moved forward by <= 0.4 m within 5 seconds.
2022-11-24 14:03:12 WARNING  Going backwards at 1 m/s for 2 seconds
2022-11-24 14:03:15 WARNING  The distance from robot to goal #: 0 is: 28.821211 m.
2022-11-24 14:03:15 WARNING  Robot already aligned towards goal no: 0
2022-11-24 14:03:18 WARNING  The distance from robot to goal #: 0 is: 30.092927 m.
2022-11-24 14:03:18 WARNING  Robot already aligned towards goal no: 0
2022-11-24 14:03:21 WARNING  The distance from robot to goal #: 0 is: 29.492928 m.
2022-11-24 14:03:21 WARNING  Robot already aligned towards goal no: 0
2022-11-24 14:03:24 WARNING  The distance from robot to goal #: 0 is: 28.912929 m.
2022-11-24 14:03:24 WARNING  Robot already aligned towards goal no: 0
2022-11-24 14:03:27 WARNING  The distance from robot to goal #: 0 is: 28.332930 m.
2022-11-24 14:03:27 WARNING  Robot already aligned towards goal no: 0
2022-11-24 14:03:30 WARNING  !!! Slippage detected !!! Robot has either not moved or moved forward by <= 0.4 m within 5 seconds.
2022-11-24 14:03:30 WARNING  Going backwards at 1 m/s for 2 seconds
2022-11-24 14:03:32 WARNING  The distance from robot to goal #: 0 is: 28.920944 m.
2022-11-24 14:03:32 WARNING  Robot already aligned towards goal no: 0
2022-11-24 14:03:35 WARNING  The distance from robot to goal #: 0 is: 30.071099 m.
2022-11-24 14:03:35 WARNING  Robot already aligned towards goal no: 0
2022-11-24 14:03:38 WARNING  The distance from robot to goal #: 0 is: 29.491097 m.
2022-11-24 14:03:38 WARNING  Robot already aligned towards goal no: 0
2022-11-24 14:03:41 WARNING  The distance from robot to goal #: 0 is: 28.911097 m.
2022-11-24 14:03:41 WARNING  Robot already aligned towards goal no: 0
2022-11-24 14:03:44 WARNING  The distance from robot to goal #: 0 is: 28.331096 m.
2022-11-24 14:03:44 WARNING  Robot already aligned towards goal no: 0
2022-11-24 14:03:47 WARNING  !!! Slippage detected !!! Robot has either not moved or moved forward by <= 0.4 m within 5 seconds.
2022-11-24 14:03:47 WARNING  Going backwards at 1 m/s for 2 seconds
2022-11-24 14:03:50 WARNING  Changed mode from: gps to auto
